<?xml version="1.0" encoding="UTF-8"?>
<!-- Generated by org.testng.reporters.JUnitReportReporter -->
<testsuite skipped="0" hostname="Sampada-PC" name="TestNg.ParallelClasses" tests="1" failures="0" timestamp="23 Dec 2019 07:00:58 GMT" time="34.391" errors="0">
  <testcase name="Launch" time="34.391" classname="TestNg.ParallelClasses"/>
</testsuite> <!-- TestNg.ParallelClasses -->
