<?xml version="1.0" encoding="UTF-8"?>
<!-- Generated by org.testng.reporters.JUnitReportReporter -->
<testsuite skipped="0" hostname="Sampada-PC" name="TestNg.DataProviderDemo" tests="3" failures="0" timestamp="23 Dec 2019 06:36:11 GMT" time="0.038" errors="0">
  <testcase name="Login" time="0.003" classname="TestNg.DataProviderDemo"/>
  <testcase name="Login" time="0.027" classname="TestNg.DataProviderDemo"/>
  <testcase name="Login" time="0.008" classname="TestNg.DataProviderDemo"/>
</testsuite> <!-- TestNg.DataProviderDemo -->
