<?xml version="1.0" encoding="UTF-8"?>
<!-- Generated by org.testng.reporters.JUnitReportReporter -->
<testsuite skipped="0" hostname="Sampada-PC" name="TestNg.parallelDemo" tests="3" failures="0" timestamp="23 Dec 2019 07:00:58 GMT" time="69.512" errors="0">
  <testcase name="Launch1" time="22.917" classname="TestNg.parallelDemo"/>
  <testcase name="Launch" time="34.189" classname="TestNg.parallelDemo"/>
  <testcase name="Launch2" time="12.406" classname="TestNg.parallelDemo"/>
</testsuite> <!-- TestNg.parallelDemo -->
