<?xml version="1.0" encoding="UTF-8"?>
<!-- Generated by org.testng.reporters.JUnitReportReporter -->
<testsuite skipped="0" hostname="Sampada-PC" name="TestNg.HardAssertionDemo" tests="1" failures="0" timestamp="23 Dec 2019 06:42:05 GMT" time="26.414" errors="0">
  <testcase name="Launch" time="26.414" classname="TestNg.HardAssertionDemo"/>
</testsuite> <!-- TestNg.HardAssertionDemo -->
