<?xml version="1.0" encoding="UTF-8"?>
<!-- Generated by org.testng.reporters.JUnitReportReporter -->
<testsuite skipped="0" hostname="Sampada-PC" name="TestNg.Demo" tests="3" failures="0" timestamp="17 Dec 2019 07:16:43 GMT" time="0.032" errors="0">
  <testcase name="Login" time="0.004" classname="TestNg.Demo"/>
  <testcase name="Logout" time="0.015" classname="TestNg.Demo"/>
  <testcase name="Check" time="0.013" classname="TestNg.Demo"/>
</testsuite> <!-- TestNg.Demo -->
