<?xml version="1.0" encoding="UTF-8"?>
<!-- Generated by org.testng.reporters.JUnitReportReporter -->
<testsuite skipped="0" hostname="Sampada-PC" name="TestNg.ParametersDemoApp" tests="1" failures="0" timestamp="17 Dec 2019 06:47:13 GMT" time="0.040" errors="0">
  <testcase name="login" time="0.040" classname="TestNg.ParametersDemoApp"/>
</testsuite> <!-- TestNg.ParametersDemoApp -->
