<?xml version="1.0" encoding="UTF-8"?>
<!-- Generated by org.testng.reporters.JUnitReportReporter -->
<testsuite skipped="0" hostname="Sampada-PC" name="TestNg.ParallelExecution" tests="2" failures="0" timestamp="23 Dec 2019 06:53:28 GMT" time="129.071" errors="0">
  <testcase name="launch" time="68.785" classname="TestNg.ParallelExecution"/>
  <testcase name="launch" time="60.286" classname="TestNg.ParallelExecution"/>
</testsuite> <!-- TestNg.ParallelExecution -->
