<?xml version="1.0" encoding="UTF-8"?>
<!-- Generated by org.testng.reporters.JUnitReportReporter -->
<testsuite skipped="0" hostname="Sampada-PC" name="TestNgApp.LoginTest" tests="3" failures="0" timestamp="23 Dec 2019 06:30:11 GMT" time="1.993" errors="0">
  <testcase name="CheckTitle" time="0.027" classname="TestNgApp.LoginTest"/>
  <testcase name="check" time="0.004" classname="TestNgApp.LoginTest"/>
  <testcase name="Login" time="1.962" classname="TestNgApp.LoginTest"/>
</testsuite> <!-- TestNgApp.LoginTest -->
