<?xml version="1.0" encoding="UTF-8"?>
<!-- Generated by org.testng.reporters.JUnitReportReporter -->
<testsuite skipped="0" hostname="Sampada-PC" name="com.btes.com.btes.mar.LoginTest" tests="2" failures="0" timestamp="24 Dec 2019 06:07:12 GMT" time="3.466" errors="0">
  <testcase name="CheckTitle" time="0.153" classname="com.btes.com.btes.mar.LoginTest"/>
  <testcase name="Login" time="3.313" classname="com.btes.com.btes.mar.LoginTest"/>
</testsuite> <!-- com.btes.com.btes.mar.LoginTest -->
